<?xml version="1.0" encoding="UTF-8"?>
<!-- Generated by org.testng.reporters.JUnitReportReporter -->
<testsuite hostname="GORANTLL1" failures="0" tests="2" name="com.testng.demo.ParametersTest" time="0.021" errors="0" timestamp="2022-03-22T05:22:10 IST" skipped="0">
  <testcase classname="com.testng.demo.ParametersTest" name="test" time="0.018"/>
  <system-out/>
  <testcase classname="com.testng.demo.ParametersTest" name="testSingleString" time="0.003"/>
  <system-out/>
</testsuite> <!-- com.testng.demo.ParametersTest -->
