<?xml version="1.0" encoding="UTF-8"?>
<!-- Generated by org.testng.reporters.JUnitReportReporter -->
<testsuite hostname="GORANTLL1" failures="0" tests="3" name="com.testng.demo.SkipMethods" time="0.029" errors="0" timestamp="2022-03-16T15:47:59 IST" skipped="3">
  <testcase classname="com.testng.demo.SkipMethods" name="test3" time="0.003">
    <skipped/>
  </testcase> <!-- test3 -->
  <system-out/>
  <testcase classname="com.testng.demo.SkipMethods" name="test2" time="0.026">
    <skipped/>
  </testcase> <!-- test2 -->
  <system-out/>
  <testcase classname="com.testng.demo.SkipMethods" name="test1">
    <skipped/>
  </testcase> <!-- test1 -->
  <system-out/>
</testsuite> <!-- com.testng.demo.SkipMethods -->
