<?xml version="1.0" encoding="UTF-8"?>
<!-- Generated by org.testng.reporters.JUnitReportReporter -->
<testsuite hostname="GORANTLL1" failures="0" tests="2" name="com.testng.demo.BeforeSuiteTest" time="0.004" errors="0" timestamp="2022-03-16T16:30:48 IST" skipped="0">
  <testcase classname="com.testng.demo.BeforeSuiteTest" name="test2" time="0.002"/>
  <system-out/>
  <testcase classname="com.testng.demo.BeforeSuiteTest" name="test1" time="0.002"/>
  <system-out/>
</testsuite> <!-- com.testng.demo.BeforeSuiteTest -->
