<?xml version="1.0" encoding="UTF-8"?>
<!-- Generated by org.testng.reporters.JUnitReportReporter -->
<testsuite hostname="GORANTLL1" failures="0" tests="2" name="com.testng.demo.TestClass" time="0.010" errors="0" timestamp="2022-03-16T15:27:57 IST" skipped="0">
  <testcase classname="com.testng.demo.TestClass" name="sub" time="0.005"/>
  <system-out/>
  <testcase classname="com.testng.demo.TestClass" name="add" time="0.005"/>
  <system-out/>
</testsuite> <!-- com.testng.demo.TestClass -->
