<?xml version="1.0" encoding="UTF-8"?>
<!-- Generated by org.testng.reporters.JUnitReportReporter -->
<testsuite hostname="GORANTLL1" failures="0" tests="4" name="com.testng.demo.GroupsMethod" time="0.032" errors="0" timestamp="2022-03-16T16:30:48 IST" skipped="0">
  <testcase classname="com.testng.demo.GroupsMethod" name="test2" time="0.003"/>
  <system-out/>
  <testcase classname="com.testng.demo.GroupsMethod" name="test3" time="0.017"/>
  <system-out/>
  <testcase classname="com.testng.demo.GroupsMethod" name="test1" time="0.010"/>
  <system-out/>
  <testcase classname="com.testng.demo.GroupsMethod" name="test4" time="0.002"/>
  <system-out/>
</testsuite> <!-- com.testng.demo.GroupsMethod -->
