<?xml version="1.0" encoding="UTF-8"?>
<!-- Generated by org.testng.reporters.JUnitReportReporter -->
<testsuite hostname="GORANTLL1" failures="0" tests="4" name="com.testng.demo.DataProviderDemo1" time="44.167" errors="0" timestamp="2022-03-20T05:27:13 IST" skipped="0">
  <testcase classname="com.testng.demo.DataProviderDemo1" name="test" time="8.442"/>
  <system-out/>
  <testcase classname="com.testng.demo.DataProviderDemo1" name="test" time="13.248"/>
  <system-out/>
  <testcase classname="com.testng.demo.DataProviderDemo1" name="test" time="14.016"/>
  <system-out/>
  <testcase classname="com.testng.demo.DataProviderDemo1" name="test" time="8.461"/>
  <system-out/>
</testsuite> <!-- com.testng.demo.DataProviderDemo1 -->
