<?xml version="1.0" encoding="UTF-8"?>
<!-- Generated by org.testng.reporters.JUnitReportReporter -->
<testsuite hostname="GORANTLL1" failures="0" tests="4" name="com.testng.demo.DataProviderDemo3" time="0.071" errors="0" timestamp="2022-03-21T06:03:31 IST" skipped="0">
  <testcase classname="com.testng.demo.DataProviderDemo3" name="test" time="0.016"/>
  <system-out/>
  <testcase classname="com.testng.demo.DataProviderDemo3" name="test" time="0.021"/>
  <system-out/>
  <testcase classname="com.testng.demo.DataProviderDemo3" name="test" time="0.017"/>
  <system-out/>
  <testcase classname="com.testng.demo.DataProviderDemo3" name="test" time="0.017"/>
  <system-out/>
</testsuite> <!-- com.testng.demo.DataProviderDemo3 -->
