<?xml version="1.0" encoding="UTF-8"?>
<!-- Generated by org.testng.reporters.JUnitReportReporter -->
<testsuite hostname="GORANTLL1" failures="0" tests="4" name="com.testng.demo.DataproviderDemo" time="0.036" errors="0" timestamp="2022-03-20T05:19:02 IST" skipped="0">
  <testcase classname="com.testng.demo.DataproviderDemo" name="test" time="0.003"/>
  <system-out/>
  <testcase classname="com.testng.demo.DataproviderDemo" name="test" time="0.019"/>
  <system-out/>
  <testcase classname="com.testng.demo.DataproviderDemo" name="test" time="0.006"/>
  <system-out/>
  <testcase classname="com.testng.demo.DataproviderDemo" name="test" time="0.008"/>
  <system-out/>
</testsuite> <!-- com.testng.demo.DataproviderDemo -->
