<?xml version="1.0" encoding="UTF-8"?>
<!-- Generated by org.testng.reporters.JUnitReportReporter -->
<testsuite hostname="GORANTLL1" failures="0" tests="1" name="com.testng.demo.Demo" time="0.019" errors="0" timestamp="2022-02-23T15:36:51 IST" skipped="0">
  <testcase classname="com.testng.demo.Demo" name="add" time="0.019"/>
  <system-out/>
</testsuite> <!-- com.testng.demo.Demo -->
